mode: set
github.com/moaabb/bookings-go/internal/render/render.go:23.40,25.2 1 1
github.com/moaabb/bookings-go/internal/render/render.go:28.84,35.2 5 1
github.com/moaabb/bookings-go/internal/render/render.go:38.105,41.18 2 1
github.com/moaabb/bookings-go/internal/render/render.go:52.2,55.9 3 1
github.com/moaabb/bookings-go/internal/render/render.go:60.2,61.16 2 1
github.com/moaabb/bookings-go/internal/render/render.go:66.2,66.12 1 1
github.com/moaabb/bookings-go/internal/render/render.go:41.18,43.3 1 0
github.com/moaabb/bookings-go/internal/render/render.go:43.8,45.17 2 1
github.com/moaabb/bookings-go/internal/render/render.go:48.3,48.9 1 1
github.com/moaabb/bookings-go/internal/render/render.go:45.17,47.4 1 0
github.com/moaabb/bookings-go/internal/render/render.go:55.9,58.3 2 1
github.com/moaabb/bookings-go/internal/render/render.go:61.16,64.3 2 0
github.com/moaabb/bookings-go/internal/render/render.go:70.67,74.16 3 1
github.com/moaabb/bookings-go/internal/render/render.go:78.2,78.29 1 1
github.com/moaabb/bookings-go/internal/render/render.go:101.2,101.21 1 1
github.com/moaabb/bookings-go/internal/render/render.go:74.16,76.3 1 0
github.com/moaabb/bookings-go/internal/render/render.go:78.29,82.17 3 1
github.com/moaabb/bookings-go/internal/render/render.go:86.3,87.17 2 1
github.com/moaabb/bookings-go/internal/render/render.go:91.3,91.23 1 1
github.com/moaabb/bookings-go/internal/render/render.go:98.3,98.21 1 1
github.com/moaabb/bookings-go/internal/render/render.go:82.17,84.4 1 0
github.com/moaabb/bookings-go/internal/render/render.go:87.17,89.4 1 0
github.com/moaabb/bookings-go/internal/render/render.go:91.23,93.18 2 1
github.com/moaabb/bookings-go/internal/render/render.go:93.18,95.5 1 0
