mode: set
github.com/moaabb/bookings-go/internal/handlers/handlers.go:29.62,34.2 1 0
github.com/moaabb/bookings-go/internal/handlers/handlers.go:37.51,42.2 1 1
github.com/moaabb/bookings-go/internal/handlers/handlers.go:45.33,47.2 1 1
github.com/moaabb/bookings-go/internal/handlers/handlers.go:50.67,53.2 1 1
github.com/moaabb/bookings-go/internal/handlers/handlers.go:56.68,59.2 1 1
github.com/moaabb/bookings-go/internal/handlers/handlers.go:62.70,64.2 1 1
github.com/moaabb/bookings-go/internal/handlers/handlers.go:67.81,69.2 1 1
github.com/moaabb/bookings-go/internal/handlers/handlers.go:72.71,74.2 1 1
github.com/moaabb/bookings-go/internal/handlers/handlers.go:77.69,79.2 1 1
github.com/moaabb/bookings-go/internal/handlers/handlers.go:82.78,84.9 2 1
github.com/moaabb/bookings-go/internal/handlers/handlers.go:91.2,105.4 8 1
github.com/moaabb/bookings-go/internal/handlers/handlers.go:84.9,89.3 4 1
github.com/moaabb/bookings-go/internal/handlers/handlers.go:109.78,111.9 2 0
github.com/moaabb/bookings-go/internal/handlers/handlers.go:118.2,119.16 2 0
github.com/moaabb/bookings-go/internal/handlers/handlers.go:124.2,135.19 9 0
github.com/moaabb/bookings-go/internal/handlers/handlers.go:146.2,147.16 2 0
github.com/moaabb/bookings-go/internal/handlers/handlers.go:152.2,161.16 3 0
github.com/moaabb/bookings-go/internal/handlers/handlers.go:166.2,167.66 2 0
github.com/moaabb/bookings-go/internal/handlers/handlers.go:111.9,116.3 4 0
github.com/moaabb/bookings-go/internal/handlers/handlers.go:119.16,122.3 2 0
github.com/moaabb/bookings-go/internal/handlers/handlers.go:135.19,144.3 4 0
github.com/moaabb/bookings-go/internal/handlers/handlers.go:147.16,150.3 2 0
github.com/moaabb/bookings-go/internal/handlers/handlers.go:161.16,164.3 2 0
github.com/moaabb/bookings-go/internal/handlers/handlers.go:180.79,185.16 3 0
github.com/moaabb/bookings-go/internal/handlers/handlers.go:189.2,190.16 2 0
github.com/moaabb/bookings-go/internal/handlers/handlers.go:195.2,196.16 2 0
github.com/moaabb/bookings-go/internal/handlers/handlers.go:202.2,202.26 1 0
github.com/moaabb/bookings-go/internal/handlers/handlers.go:207.2,207.21 1 0
github.com/moaabb/bookings-go/internal/handlers/handlers.go:214.2,226.4 5 0
github.com/moaabb/bookings-go/internal/handlers/handlers.go:185.16,188.3 2 0
github.com/moaabb/bookings-go/internal/handlers/handlers.go:190.16,193.3 2 0
github.com/moaabb/bookings-go/internal/handlers/handlers.go:196.16,200.3 3 0
github.com/moaabb/bookings-go/internal/handlers/handlers.go:202.26,205.3 1 0
github.com/moaabb/bookings-go/internal/handlers/handlers.go:207.21,212.3 3 0
github.com/moaabb/bookings-go/internal/handlers/handlers.go:231.79,238.16 5 0
github.com/moaabb/bookings-go/internal/handlers/handlers.go:242.2,243.16 2 0
github.com/moaabb/bookings-go/internal/handlers/handlers.go:248.2,249.16 2 0
github.com/moaabb/bookings-go/internal/handlers/handlers.go:254.2,255.16 2 0
github.com/moaabb/bookings-go/internal/handlers/handlers.go:261.2,270.16 3 0
github.com/moaabb/bookings-go/internal/handlers/handlers.go:275.2,276.14 2 0
github.com/moaabb/bookings-go/internal/handlers/handlers.go:238.16,241.3 2 0
github.com/moaabb/bookings-go/internal/handlers/handlers.go:243.16,246.3 2 0
github.com/moaabb/bookings-go/internal/handlers/handlers.go:249.16,252.3 2 0
github.com/moaabb/bookings-go/internal/handlers/handlers.go:255.16,259.3 3 0
github.com/moaabb/bookings-go/internal/handlers/handlers.go:270.16,273.3 2 0
github.com/moaabb/bookings-go/internal/handlers/handlers.go:279.81,282.9 3 0
github.com/moaabb/bookings-go/internal/handlers/handlers.go:289.2,303.4 9 0
github.com/moaabb/bookings-go/internal/handlers/handlers.go:282.9,287.3 4 0
github.com/moaabb/bookings-go/internal/handlers/handlers.go:306.73,308.16 2 0
github.com/moaabb/bookings-go/internal/handlers/handlers.go:313.2,314.9 2 0
github.com/moaabb/bookings-go/internal/handlers/handlers.go:320.2,323.16 3 0
github.com/moaabb/bookings-go/internal/handlers/handlers.go:329.2,332.63 3 0
github.com/moaabb/bookings-go/internal/handlers/handlers.go:308.16,311.3 2 0
github.com/moaabb/bookings-go/internal/handlers/handlers.go:314.9,318.3 3 0
github.com/moaabb/bookings-go/internal/handlers/handlers.go:323.16,327.3 3 0
github.com/moaabb/bookings-go/internal/handlers/handlers.go:336.71,338.2 1 0
github.com/moaabb/bookings-go/internal/handlers/handlers.go:340.71,347.16 6 0
github.com/moaabb/bookings-go/internal/handlers/handlers.go:352.2,353.16 2 0
github.com/moaabb/bookings-go/internal/handlers/handlers.go:358.2,359.16 2 0
github.com/moaabb/bookings-go/internal/handlers/handlers.go:364.2,365.16 2 0
github.com/moaabb/bookings-go/internal/handlers/handlers.go:370.2,378.63 7 0
github.com/moaabb/bookings-go/internal/handlers/handlers.go:347.16,350.3 2 0
github.com/moaabb/bookings-go/internal/handlers/handlers.go:353.16,356.3 2 0
github.com/moaabb/bookings-go/internal/handlers/handlers.go:359.16,362.3 2 0
github.com/moaabb/bookings-go/internal/handlers/handlers.go:365.16,368.3 2 0
